python tests/test_orchestrator.py integration e2e --parallel --verbose --show-cluster-resources
â˜ï¸  Detected remote cluster: arn:aws:eks:us-west-2:503132503803:cluster/crucible-platform
ğŸŒ Remote cluster detected - enabling registry mode
ğŸ“¦ Using ECR registry: 503132503803.dkr.ecr.us-west-2.amazonaws.com
ğŸ“‹ Image Pull Policy: IfNotPresent

================================================================================
KUBERNETES TEST ORCHESTRATOR
================================================================================

Configuration:
  Namespace: dev
  Registry: 503132503803.dkr.ecr.us-west-2.amazonaws.com (ECR)
  Test Image: 503132503803.dkr.ecr.us-west-2.amazonaws.com/test-runner:20250802-214153
  Test Suites: ['integration', 'e2e']
  Parallel: True
  Include Slow: False
  Include Destructive: False

================================================================================
STEP 1: Running Smoke Tests
================================================================================
Kubernetes Cluster Access Smoke Tests
============================================================

âœ“ All prerequisites found

Running smoke tests...
------------------------------------------------------------
============================================================= test session starts =============================================================
collected 10 items

tests/smoke/test_cluster_access.py::TestClusterAccess::test_kubectl_connectivity PASSED                                                 [ 10%]
tests/smoke/test_cluster_access.py::TestClusterAccess::test_namespace_exists PASSED                                                     [ 20%]
tests/smoke/test_cluster_access.py::TestClusterAccess::test_required_services PASSED                                                    [ 30%]
tests/smoke/test_cluster_access.py::TestClusterAccess::test_simple_job_execution PASSED                                                 [ 40%]
tests/smoke/test_cluster_access.py::TestClusterAccess::test_api_accessible PASSED                                                       [ 50%]
tests/smoke/test_cluster_access.py::TestClusterAccess::test_deployments_ready PASSED                                                    [ 60%]
tests/smoke/test_cluster_access.py::TestClusterAccess::test_test_runner_image_accessible PASSED                                         [ 70%]
tests/smoke/test_cluster_access.py::test_resource_counts[pods-5] PASSED                                                                 [ 80%]
tests/smoke/test_cluster_access.py::test_resource_counts[services-7] PASSED                                                             [ 90%]
tests/smoke/test_cluster_access.py::test_resource_counts[configmaps-2] PASSED                                                           [100%]

TEST_RESULTS_JSON:{"passed": 10, "failed": 0, "skipped": 0}


============================================================= 10 passed in 18.81s =============================================================

============================================================
âœ… SMOKE TESTS PASSED

Cluster is ready for main test suite!

Next steps:
1. Run full test suite inside cluster: python tests/run_tests.py
2. Or run specific test suites: python tests/run_tests.py integration

âœ… Smoke tests passed. Cluster is ready.

================================================================================
STEP 2: Building Test Runner Image
================================================================================

ğŸ”¨ Building image: 503132503803.dkr.ecr.us-west-2.amazonaws.com/test-runner:20250802-214153
ğŸ—ï¸  Building for linux/amd64 platform (EKS compatibility)
[+] Building 11.2s (17/17) FINISHED                                                                                       docker:desktop-linux
 => [internal] load build definition from Dockerfile                                                                                      0.0s
 => => transferring dockerfile: 1.62kB                                                                                                    0.0s
 => [internal] load metadata for docker.io/library/python:3.11-slim                                                                       3.3s
 => [auth] library/python:pull token for registry-1.docker.io                                                                             0.0s
 => [internal] load .dockerignore                                                                                                         0.0s
 => => transferring context: 808B                                                                                                         0.0s
 => [ 1/11] FROM docker.io/library/python:3.11-slim@sha256:0ce77749ac83174a31d5e107ce0cfa6b28a2fd6b0615e029d9d84b39c48976ee               0.0s
 => => resolve docker.io/library/python:3.11-slim@sha256:0ce77749ac83174a31d5e107ce0cfa6b28a2fd6b0615e029d9d84b39c48976ee                 0.0s
 => [internal] load build context                                                                                                         2.6s
 => => transferring context: 164.50kB                                                                                                     2.6s
 => CACHED [ 2/11] RUN apt-get update && apt-get install -y --no-install-recommends     gcc     g++     curl     netcat-traditional       0.0s
 => CACHED [ 3/11] RUN curl -LO "https://dl.k8s.io/release/v1.28.0/bin/linux/amd64/kubectl" &&     chmod +x kubectl &&     mv kubectl /u  0.0s
 => CACHED [ 4/11] RUN useradd -m -u 1000 testrunner                                                                                      0.0s
 => CACHED [ 5/11] WORKDIR /app                                                                                                           0.0s
 => CACHED [ 6/11] COPY tests/requirements.txt ./tests/                                                                                   0.0s
 => CACHED [ 7/11] COPY shared/requirements/ ./shared/requirements/                                                                       0.0s
 => CACHED [ 8/11] COPY constraints.txt ./                                                                                                0.0s
 => CACHED [ 9/11] RUN pip install --no-cache-dir --upgrade pip &&     pip install --no-cache-dir -r tests/requirements.txt               0.0s
 => [10/11] COPY . .                                                                                                                      0.8s
 => [11/11] RUN chown -R testrunner:testrunner /app                                                                                       2.7s
 => exporting to image                                                                                                                    1.2s
 => => exporting layers                                                                                                                   0.9s
 => => exporting manifest sha256:19ed83062dac1c5f27820a90f8e0f8f5f45025620d06d495ee89f3dafff14e37                                         0.0s
 => => exporting config sha256:913e7d7de427cfb28d55276afc86e7dac7edfcdf23b39da6748e10b43230bcd1                                           0.0s
 => => exporting attestation manifest sha256:ee2e6cd85645b0f655c484ab79b835ef4afa96f46dcc6f44fe8849921c6c1789                             0.0s
 => => exporting manifest list sha256:79dc042c83a299d94f05750ecb34737892cb429acc44e504ab852fd93f45deb2                                    0.0s
 => => naming to 503132503803.dkr.ecr.us-west-2.amazonaws.com/test-runner:20250802-214153                                                 0.0s
 => => naming to 503132503803.dkr.ecr.us-west-2.amazonaws.com/test-runner:latest                                                          0.0s

What's next:
    View a summary of image vulnerabilities and recommendations â†’ docker scout quickview

ğŸ” Logging in to ECR...
âœ… Successfully logged in to ECR

ğŸ“¤ Pushing images to registry (503132503803.dkr.ecr.us-west-2.amazonaws.com)...
â³ This may take several minutes depending on your upload speed...
ğŸ“Š Image size: 202MB

ğŸ“¤ [1/2] Pushing 503132503803.dkr.ecr.us-west-2.amazonaws.com/test-runner:20250802-214153
   Watch progress in the output below...
The push refers to repository [503132503803.dkr.ecr.us-west-2.amazonaws.com/test-runner]
6dbf6d4ad1bb: Pushed
4085babbc570: Layer already exists
2145dd73ae96: Layer already exists
543e0946455c: Layer already exists
7b05675d0ac8: Layer already exists
044d35e10242: Pushed
dab9a763e959: Layer already exists
ace8dd0e78a6: Layer already exists
c6b493fb6504: Layer already exists
33e069cc3d3d: Pushed
59e22667830b: Layer already exists
abd846fa1cdb: Layer already exists
9ceb718ecfff: Layer already exists
b7b61708209a: Layer already exists
983a1ca3f907: Layer already exists
20250802-214153: digest: sha256:79dc042c83a299d94f05750ecb34737892cb429acc44e504ab852fd93f45deb2 size: 856
âœ… Successfully pushed 503132503803.dkr.ecr.us-west-2.amazonaws.com/test-runner:20250802-214153

ğŸ“¤ [2/2] Pushing 503132503803.dkr.ecr.us-west-2.amazonaws.com/test-runner:latest
   This should be faster (same layers)...
The push refers to repository [503132503803.dkr.ecr.us-west-2.amazonaws.com/test-runner]
983a1ca3f907: Layer already exists
9ceb718ecfff: Layer already exists
dab9a763e959: Layer already exists
c6b493fb6504: Layer already exists
6dbf6d4ad1bb: Layer already exists
7b05675d0ac8: Layer already exists
b7b61708209a: Layer already exists
4085babbc570: Layer already exists
ace8dd0e78a6: Layer already exists
2145dd73ae96: Layer already exists
abd846fa1cdb: Layer already exists
543e0946455c: Layer already exists
33e069cc3d3d: Layer already exists
044d35e10242: Already exists
59e22667830b: Layer already exists
latest: digest: sha256:79dc042c83a299d94f05750ecb34737892cb429acc44e504ab852fd93f45deb2 size: 856
âœ… Successfully pushed 503132503803.dkr.ecr.us-west-2.amazonaws.com/test-runner:latest
âœ… Test image ready

ğŸ” Debug - Registry value: '503132503803.dkr.ecr.us-west-2.amazonaws.com'
ğŸ” Debug - 'ecr' in registry: True
ğŸ” Debug - imagePullSecrets: []

================================================================================
STEP 3: Submitting Test Coordinator Job
================================================================================

ğŸ” Setting up coordinator permissions...

ğŸš€ Submitting coordinator job: test-coordinator-20250802-214153
âœ… Coordinator job submitted

================================================================================
STEP 4: Monitoring Test Execution
================================================================================

â³ Waiting for coordinator pod to start...
   Checking pod status every 2 seconds...

   [0s] Container waiting: ContainerCreating
   ğŸ’¡ Container is being created - this is normal

   [0s] Pod phase: Pending
.
   [3s] Pod phase: Running

âœ… Pod started after 3 seconds


ğŸ“‹ Coordinator Logs:
--------------------------------------------------------------------------------
================================================================================
TEST COORDINATOR
================================================================================

Running inside cluster in namespace: dev
Test image: 503132503803.dkr.ecr.us-west-2.amazonaws.com/test-runner:20250802-214153

ğŸ“¦ Discovering test suites...
  âœ“ integration: 10 test files found
  âœ“ e2e: 10 test files found

Found 2 test suites to run

ğŸ” Starting cluster resource monitoring (every 5 seconds)...

ğŸš€ Running tests in PARALLEL mode

ğŸ“¤ Submitting parallel-safe test jobs...
  âœ“ Submitted: integration-tests-20250802-214153-00
  âœ“ Submitted: e2e-tests-20250802-214153-01

ğŸ“Š Monitoring 2 jobs in parallel...

ğŸ“Š Monitoring: integration-tests-20250802-214153-00
  Verbose mode: Will show full output on failure

ğŸ“Š Monitoring: e2e-tests-20250802-214153-01
  Verbose mode: Will show full output on failure

[04:42:47] CLUSTER: Pods ğŸŸ¢ 25/35 CPU ğŸŸ¢ 76.9% Mem ğŸŸ¢ 27.9% | Evals: R=0 P=0
  â”‚ [integration] ============================= test session starts ==============================
  â”‚ [integration] platform linux -- Python 3.11.13, pytest-8.4.1, pluggy-1.6.0 -- /usr/local/bin/python
  â”‚ [integration] cachedir: .pytest_cache
  â”‚ [integration] rootdir: /app
  â”‚ [integration] configfile: pyproject.toml
  â”‚ [integration] plugins: anyio-3.7.1, asyncio-0.26.0, cov-6.2.1, mock-3.14.1, timeout-2.4.0
  â”‚ [integration] asyncio: mode=Mode.STRICT, asyncio_default_fixture_loop_scope=None, asyncio_default_test_loop_scope=function
  â”‚ [e2e] ============================= test session starts ==============================
  â”‚ [e2e] platform linux -- Python 3.11.13, pytest-8.4.1, pluggy-1.6.0 -- /usr/local/bin/python
  â”‚ [e2e] cachedir: .pytest_cache
  â”‚ [e2e] rootdir: /app
  â”‚ [e2e] configfile: pyproject.toml
  â”‚ [e2e] plugins: anyio-3.7.1, asyncio-0.26.0, cov-6.2.1, mock-3.14.1, timeout-2.4.0
  â”‚ [e2e] asyncio: mode=Mode.STRICT, asyncio_default_fixture_loop_scope=None, asyncio_default_test_loop_scope=function
  â”‚ [e2e] collecting ... collected 26 items / 4 deselected / 22 selected
  â”‚ [e2e]
  â”‚ [e2e] tests/e2e/test_core_flows.py::test_health_check PASSED
  â”‚ [integration] INFO:storage.core.flexible_manager:Using file storage as primary
  â”‚ [integration] collecting ... Caching enabled
  â”‚ [integration] INFO:storage_service.app:Storage service initialized:
  â”‚ [integration] INFO:storage_service.app:  Primary backend: file
  â”‚ [integration] INFO:storage_service.app:  Database URL: not configured
  â”‚ [integration] INFO:storage_service.app:  File storage: ./data
  â”‚ [integration] INFO:storage_service.app:  Cache enabled: True
  â”‚ [integration] INFO:storage_service.app:  Large file threshold: 10485760 bytes
  â”‚ [integration] collected 30 items / 2 deselected / 28 selected
  â”‚ [integration]
  â”‚ [e2e] tests/e2e/test_core_flows.py::test_submit_evaluation
  â”‚ [e2e] [EVAL_SUBMIT] eval_id=20250803_044252_62a93b70 timestamp=1754196172.0813344
  â”‚ [e2e] PASSED
  â”‚ [e2e] tests/e2e/test_core_flows.py::test_evaluation_lifecycle
  â”‚ [e2e] [EVAL_SUBMIT] eval_id=20250803_044252_96afc8b6 timestamp=1754196172.3624914
  â”‚ [e2e] Resource-based timeout: 30s (1 waves with 17 concurrent)
  â”‚ [e2e]
  â”‚ [e2e] === Adaptive Evaluation Wait ===
  â”‚ [e2e] Total evaluations: 1
  â”‚ [e2e] Timeout: 120s
  â”‚ [e2e]   Resource status: 0 running, 0 pending evaluation pods
  â”‚ [e2e]   [0.9s] 20250803_044252_96afc8b6: provisioning
  â”‚ [integration] tests/integration/test_available_libraries.py::test_available_libraries
  â”‚ [integration] [EVAL_SUBMIT] eval_id=20250803_044252_bc484e9c timestamp=1754196172.681582
  â”‚ [integration] Resource-based timeout: 30s (1 waves with 16 concurrent)
  â”‚ [integration]
  â”‚ [integration] === Adaptive Evaluation Wait ===
  â”‚ [integration] Total evaluations: 1
  â”‚ [integration] Timeout: 120s
  â”‚ [integration]   Resource status: 0 running, 0 pending evaluation pods
  â”‚ [integration]   [1.1s] 20250803_044252_bc484e9c: queued

[04:42:55] CLUSTER: Pods ğŸŸ¡ 28/35 CPU ğŸ”´ 92.5% Mem ğŸŸ¢ 36.9% | Evals: R=0 P=3
  â”‚ [e2e]   [3.1s] 20250803_044252_96afc8b6: provisioning
  â”‚ [integration]   [3.3s] 20250803_044252_bc484e9c: provisioning
  â”‚ [e2e]   [5.3s] 20250803_044252_96afc8b6: provisioning
  â”‚ [integration]   [5.5s] 20250803_044252_bc484e9c: provisioning
  â”‚ [e2e]   [7.4s] 20250803_044252_96afc8b6: provisioning
  â”‚ [integration]   [7.6s] 20250803_044252_bc484e9c: provisioning
  â”‚ [e2e]   [9.6s] 20250803_044252_96afc8b6: provisioning
  â”‚ [integration]   [9.7s] 20250803_044252_bc484e9c: provisioning

â•”â•â•â•â•â•â•â•â•â•â•â•â•â•â•â•â•â•â•â•â•â•â•â•â•â•â•â•â•â•â•â•â•â•â•â•â•â•â•â•â•â•â•â•â•â•â•â•â•â•â•â•â•â•â•â•â•â•â•â•â•â•â•â•â•â•â•â•â•â•â•â•â•â•â•â•â•â•â•â•—
â•‘                   CLUSTER RESOURCE MONITOR - 04:43:03 UTC                    â•‘
â• â•â•â•â•â•â•â•â•â•â•â•â•â•â•â•â•â•â•â•â•â•â•â•â•â•â•â•â•â•â•â•â•â•â•â•â•â•â•â•â•â•â•â•â•â•â•â•â•â•â•â•â•â•â•â•â•â•â•â•â•â•â•â•â•â•â•â•â•â•â•â•â•â•â•â•â•â•â•â•£
â•‘ Resource â”‚ Used/Total â”‚ Utilization â”‚ Available â”‚ Status               â•‘
â• â”€â”€â”€â”€â”€â”€â”€â”€â”€â”€â”¼â”€â”€â”€â”€â”€â”€â”€â”€â”€â”€â”€â”€â”¼â”€â”€â”€â”€â”€â”€â”€â”€â”€â”€â”€â”€â”€â”¼â”€â”€â”€â”€â”€â”€â”€â”€â”€â”€â”€â”¼â”€â”€â”€â”€â”€â”€â”€â”€â”€â”€â”€â”€â”€â”€â”€â”€â”€â”€â”€â”€â”€â”€â•£
â•‘ Pods     â”‚  28/35     â”‚       80.0% â”‚         7 â”‚ ğŸŸ¡ WARN               â•‘
â•‘ CPU Req  â”‚      1785m â”‚       92.5% â”‚      145m â”‚ ğŸ”´ CRITICAL           â•‘
â•‘ Mem Req  â”‚     2620Mi â”‚       36.9% â”‚    4474Mi â”‚ ğŸŸ¢ OK                 â•‘
â• â”€â”€â”€â”€â”€â”€â”€â”€â”€â”€â”€â”€â”€â”€â”€â”€â”€â”€â”€â”€â”€â”€â”€â”€â”€â”€â”€â”€â”€â”€â”€â”€â”€â”€â”€â”€â”€â”€â”€â”€â”€â”€â”€â”€â”€â”€â”€â”€â”€â”€â”€â”€â”€â”€â”€â”€â”€â”€â”€â”€â”€â”€â”€â”€â”€â”€â”€â”€â”€â”€â”€â”€â”€â”€â”€â”€â”€â”€â•£
â•‘ Evaluation Pods: Running= 0 Pending= 1 Completed=16 Failed= 5                â•‘
â• â•â•â•â•â•â•â•â•â•â•â•â•â•â•â•â•â•â•â•â•â•â•â•â•â•â•â•â•â•â•â•â•â•â•â•â•â•â•â•â•â•â•â•â•â•â•â•â•â•â•â•â•â•â•â•â•â•â•â•â•â•â•â•â•â•â•â•â•â•â•â•â•â•â•â•â•â•â•â•£
â•‘ NODE DETAILS:                                                                â•‘
â• â”€â”€â”€â”€â”€â”€â”€â”€â”€â”€â”€â”€â”€â”€â”€â”€â”€â”€â”€â”€â”€â”€â”€â”€â”€â”€â”€â”€â”€â”€â”€â”€â”€â”€â”€â”€â”€â”€â”€â”€â”€â”€â”€â”€â”€â”€â”€â”€â”€â”€â”€â”€â”€â”€â”€â”€â”€â”€â”€â”€â”€â”€â”€â”€â”€â”€â”€â”€â”€â”€â”€â”€â”€â”€â”€â”€â”€â”€â•£
â•‘ ip-10-0-51-9 (t3.large):                                                     â•‘
â•‘   Pods: 28/35 (80.0%) [ 7 avail]                                             â•‘
â•‘   CPU:  Req= 1785m (92.5%)                                                   â•‘
â•‘   Mem:  Req=2620Mi (36.9%)                                                   â•‘
â•šâ•â•â•â•â•â•â•â•â•â•â•â•â•â•â•â•â•â•â•â•â•â•â•â•â•â•â•â•â•â•â•â•â•â•â•â•â•â•â•â•â•â•â•â•â•â•â•â•â•â•â•â•â•â•â•â•â•â•â•â•â•â•â•â•â•â•â•â•â•â•â•â•â•â•â•â•â•â•â•
  â”‚ [e2e]   [11.8s] 20250803_044252_96afc8b6: completed
  â”‚ [e2e]
  â”‚ [e2e] [11.6s] Progress: 1 completed, 0 failed, 0 pending
  â”‚ [e2e]
  â”‚ [e2e] === Evaluation Summary ===
  â”‚ [e2e] Duration: 12.3s
  â”‚ [e2e] Completed: 1
  â”‚ [e2e] Failed: 0
  â”‚ [e2e] Incomplete: 0
  â”‚ [integration]   [12.0s] 20250803_044252_bc484e9c: provisioning
  â”‚ [e2e] PASSED
  â”‚ [e2e] tests/e2e/test_core_flows.py::test_error_handling
  â”‚ [e2e] [EVAL_SUBMIT] eval_id=20250803_044305_a0c1f138 timestamp=1754196185.4327354
  â”‚ [e2e] Resource-based timeout: 30s (1 waves with 16 concurrent)
  â”‚ [e2e]
  â”‚ [e2e] === Adaptive Evaluation Wait ===
  â”‚ [e2e] Total evaluations: 1
  â”‚ [e2e] Timeout: 120s
  â”‚ [e2e]   Resource status: 1 running, 1 pending evaluation pods
  â”‚ [e2e]   [0.8s] 20250803_044305_a0c1f138: provisioning
  â”‚ [integration]   [14.1s] 20250803_044252_bc484e9c: provisioning
  â”‚ [e2e]   [3.0s] 20250803_044305_a0c1f138: provisioning
  â”‚ [integration]   [16.4s] 20250803_044252_bc484e9c: provisioning
  â”‚ [e2e]   [5.2s] 20250803_044305_a0c1f138: provisioning

[04:43:11] CLUSTER: Pods ğŸŸ¡ 28/35 CPU ğŸ”´ 92.5% Mem ğŸŸ¢ 36.9% | Evals: R=1 P=1
  â”‚ [integration]   [18.6s] 20250803_044252_bc484e9c: provisioning
  â”‚ [e2e]   [7.3s] 20250803_044305_a0c1f138: provisioning
  â”‚ [integration]   [20.7s] 20250803_044252_bc484e9c: provisioning
  â”‚ [e2e]   [9.5s] 20250803_044305_a0c1f138: provisioning
  â”‚ [integration]   [22.8s] 20250803_044252_bc484e9c: provisioning
  â”‚ [integration]   [25.0s] 20250803_044252_bc484e9c: completed
  â”‚ [integration]
  â”‚ [integration] [24.8s] Progress: 1 completed, 0 failed, 0 pending
  â”‚ [e2e]   [11.7s] 20250803_044305_a0c1f138: provisioning

[04:43:18] CLUSTER: Pods ğŸŸ¡ 28/35 CPU ğŸ”´ 92.5% Mem ğŸŸ¢ 36.9% | Evals: R=1 P=0
  â”‚ [integration]
  â”‚ [integration] === Evaluation Summary ===
  â”‚ [integration] Duration: 25.5s
  â”‚ [integration] Completed: 1
  â”‚ [integration] Failed: 0
  â”‚ [integration] Incomplete: 0
  â”‚ [integration]
  â”‚ [integration] Available libraries: numpy, requests, torch, json, hashlib, datetime, os, sys
  â”‚ [integration] Unavailable libraries: pandas, matplotlib, scipy, sklearn, tensorflow
  â”‚ [integration] PASSED
  â”‚ [integration] tests/integration/test_celery_connection.py::TestCeleryConnection::test_redis_connection PASSED
  â”‚ [e2e]   [13.9s] 20250803_044305_a0c1f138: provisioning
  â”‚ [integration] tests/integration/test_celery_connection.py::TestCeleryConnection::test_celery_broker_connection
  â”‚ [integration] Found 1 active workers
  â”‚ [integration] PASSED
  â”‚ [integration] tests/integration/test_celery_connection.py::TestCeleryConnection::test_celery_configuration PASSED
  â”‚ [integration] tests/integration/test_celery_tasks.py::TestCeleryTasks::test_health_check_task PASSED
  â”‚ [integration] INFO:httpx:HTTP Request: POST http://storage-service.dev.svc.cluster.local:8082/evaluations "HTTP/1.1 200 OK"
  â”‚ [integration] tests/integration/test_celery_tasks.py::TestCeleryTasks::test_evaluate_code_task PASSED
  â”‚ [integration] INFO:httpx:HTTP Request: DELETE http://storage-service.dev.svc.cluster.local:8082/evaluations/test-direct-1754196199 "HTTP/1.1 200 OK"
  â”‚ [integration] INFO:httpx:HTTP Request: POST http://storage-service.dev.svc.cluster.local:8082/evaluations "HTTP/1.1 200 OK"
  â”‚ [integration] INFO:httpx:HTTP Request: POST http://storage-service.dev.svc.cluster.local:8082/evaluations "HTTP/1.1 200 OK"
  â”‚ [integration] INFO:httpx:HTTP Request: POST http://storage-service.dev.svc.cluster.local:8082/evaluations "HTTP/1.1 200 OK"
  â”‚ [e2e]   [16.2s] 20250803_044305_a0c1f138: failed
  â”‚ [e2e]
  â”‚ [e2e] [15.9s] Progress: 0 completed, 1 failed, 0 pending
  â”‚ [e2e]
  â”‚ [e2e] === Evaluation Summary ===
  â”‚ [e2e] Duration: 16.7s
  â”‚ [e2e] Completed: 0
  â”‚ [e2e] Failed: 1
  â”‚ [e2e] Incomplete: 0
  â”‚ [e2e]
  â”‚ [e2e] [EVAL_SUBMIT] eval_id=20250803_044322_03b080cd timestamp=1754196202.5386484
  â”‚ [e2e] Resource-based timeout: 30s (1 waves with 14 concurrent)
  â”‚ [e2e]
  â”‚ [e2e] === Adaptive Evaluation Wait ===
  â”‚ [e2e] Total evaluations: 1
  â”‚ [e2e] Timeout: 120s
  â”‚ [e2e]   Resource status: 0 running, 3 pending evaluation pods
  â”‚ [e2e]   [0.7s] 20250803_044322_03b080cd: provisioning
  â”‚ [integration] INFO:httpx:HTTP Request: DELETE http://storage-service.dev.svc.cluster.local:8082/evaluations/test-seq-0-1754196200 "HTTP/1.1 200 OK"
  â”‚ [integration] INFO:httpx:HTTP Request: DELETE http://storage-service.dev.svc.cluster.local:8082/evaluations/test-seq-1-1754196200 "HTTP/1.1 200 OK"
  â”‚ [integration] INFO:httpx:HTTP Request: DELETE http://storage-service.dev.svc.cluster.local:8082/evaluations/test-seq-2-1754196201 "HTTP/1.1 200 OK"
  â”‚ [integration] tests/integration/test_celery_tasks.py::TestCeleryTasks::test_multiple_tasks_sequential PASSED
  â”‚ [integration] INFO:httpx:HTTP Request: POST http://storage-service.dev.svc.cluster.local:8082/evaluations "HTTP/1.1 200 OK"
  â”‚ [integration] INFO:httpx:HTTP Request: DELETE http://storage-service.dev.svc.cluster.local:8082/evaluations/test-state-1754196203 "HTTP/1.1 200 OK"
  â”‚ [integration] tests/integration/test_celery_tasks.py::TestCeleryTasks::test_task_state_tracking PASSED
  â”‚ [integration] INFO:integration.conftest:API health check passed
  â”‚ [e2e]   [3.0s] 20250803_044322_03b080cd: provisioning

â•”â•â•â•â•â•â•â•â•â•â•â•â•â•â•â•â•â•â•â•â•â•â•â•â•â•â•â•â•â•â•â•â•â•â•â•â•â•â•â•â•â•â•â•â•â•â•â•â•â•â•â•â•â•â•â•â•â•â•â•â•â•â•â•â•â•â•â•â•â•â•â•â•â•â•â•â•â•â•â•—
â•‘                   CLUSTER RESOURCE MONITOR - 04:43:26 UTC                    â•‘
â• â•â•â•â•â•â•â•â•â•â•â•â•â•â•â•â•â•â•â•â•â•â•â•â•â•â•â•â•â•â•â•â•â•â•â•â•â•â•â•â•â•â•â•â•â•â•â•â•â•â•â•â•â•â•â•â•â•â•â•â•â•â•â•â•â•â•â•â•â•â•â•â•â•â•â•â•â•â•â•£
â•‘ Resource â”‚ Used/Total â”‚ Utilization â”‚ Available â”‚ Status               â•‘
â• â”€â”€â”€â”€â”€â”€â”€â”€â”€â”€â”¼â”€â”€â”€â”€â”€â”€â”€â”€â”€â”€â”€â”€â”¼â”€â”€â”€â”€â”€â”€â”€â”€â”€â”€â”€â”€â”€â”¼â”€â”€â”€â”€â”€â”€â”€â”€â”€â”€â”€â”¼â”€â”€â”€â”€â”€â”€â”€â”€â”€â”€â”€â”€â”€â”€â”€â”€â”€â”€â”€â”€â”€â”€â•£
â•‘ Pods     â”‚  28/35     â”‚       80.0% â”‚         7 â”‚ ğŸŸ¡ WARN               â•‘
â•‘ CPU Req  â”‚      1785m â”‚       92.5% â”‚      145m â”‚ ğŸ”´ CRITICAL           â•‘
â•‘ Mem Req  â”‚     2620Mi â”‚       36.9% â”‚    4474Mi â”‚ ğŸŸ¢ OK                 â•‘
â• â”€â”€â”€â”€â”€â”€â”€â”€â”€â”€â”€â”€â”€â”€â”€â”€â”€â”€â”€â”€â”€â”€â”€â”€â”€â”€â”€â”€â”€â”€â”€â”€â”€â”€â”€â”€â”€â”€â”€â”€â”€â”€â”€â”€â”€â”€â”€â”€â”€â”€â”€â”€â”€â”€â”€â”€â”€â”€â”€â”€â”€â”€â”€â”€â”€â”€â”€â”€â”€â”€â”€â”€â”€â”€â”€â”€â”€â”€â•£
â•‘ Evaluation Pods: Running= 0 Pending= 6 Completed=16 Failed= 5                â•‘
â• â•â•â•â•â•â•â•â•â•â•â•â•â•â•â•â•â•â•â•â•â•â•â•â•â•â•â•â•â•â•â•â•â•â•â•â•â•â•â•â•â•â•â•â•â•â•â•â•â•â•â•â•â•â•â•â•â•â•â•â•â•â•â•â•â•â•â•â•â•â•â•â•â•â•â•â•â•â•â•£
â•‘ NODE DETAILS:                                                                â•‘
â• â”€â”€â”€â”€â”€â”€â”€â”€â”€â”€â”€â”€â”€â”€â”€â”€â”€â”€â”€â”€â”€â”€â”€â”€â”€â”€â”€â”€â”€â”€â”€â”€â”€â”€â”€â”€â”€â”€â”€â”€â”€â”€â”€â”€â”€â”€â”€â”€â”€â”€â”€â”€â”€â”€â”€â”€â”€â”€â”€â”€â”€â”€â”€â”€â”€â”€â”€â”€â”€â”€â”€â”€â”€â”€â”€â”€â”€â”€â•£
â•‘ ip-10-0-51-9 (t3.large):                                                     â•‘
â•‘   Pods: 28/35 (80.0%) [ 7 avail]                                             â•‘
â•‘   CPU:  Req= 1785m (92.5%)                                                   â•‘
â•‘   Mem:  Req=2620Mi (36.9%)                                                   â•‘
â•šâ•â•â•â•â•â•â•â•â•â•â•â•â•â•â•â•â•â•â•â•â•â•â•â•â•â•â•â•â•â•â•â•â•â•â•â•â•â•â•â•â•â•â•â•â•â•â•â•â•â•â•â•â•â•â•â•â•â•â•â•â•â•â•â•â•â•â•â•â•â•â•â•â•â•â•â•â•â•â•
  â”‚ [e2e]   [5.2s] 20250803_044322_03b080cd: provisioning
  â”‚ [e2e]   [7.4s] 20250803_044322_03b080cd: provisioning
  â”‚ [e2e]   [9.6s] 20250803_044322_03b080cd: provisioning

[04:43:33] CLUSTER: Pods ğŸŸ¡ 28/35 CPU ğŸ”´ 92.5% Mem ğŸŸ¢ 36.9% | Evals: R=0 P=5
  â”‚ [e2e]   [12.0s] 20250803_044322_03b080cd: provisioning
  â”‚ [e2e]   [14.1s] 20250803_044322_03b080cd: provisioning
  â”‚ [e2e]   [16.2s] 20250803_044322_03b080cd: provisioning

[04:43:41] CLUSTER: Pods ğŸŸ¢ 27/35 CPU ğŸŸ¡ 87.3% Mem ğŸŸ¢ 35.1% | Evals: R=0 P=5
  â”‚ [e2e]   [18.6s] 20250803_044322_03b080cd: provisioning
  â”‚ [e2e]   [20.9s] 20250803_044322_03b080cd: provisioning
  â”‚ [e2e]   [23.1s] 20250803_044322_03b080cd: provisioning
  â”‚ [e2e]   [25.5s] 20250803_044322_03b080cd: provisioning

â•”â•â•â•â•â•â•â•â•â•â•â•â•â•â•â•â•â•â•â•â•â•â•â•â•â•â•â•â•â•â•â•â•â•â•â•â•â•â•â•â•â•â•â•â•â•â•â•â•â•â•â•â•â•â•â•â•â•â•â•â•â•â•â•â•â•â•â•â•â•â•â•â•â•â•â•â•â•â•â•—
â•‘                   CLUSTER RESOURCE MONITOR - 04:43:49 UTC                    â•‘
â• â•â•â•â•â•â•â•â•â•â•â•â•â•â•â•â•â•â•â•â•â•â•â•â•â•â•â•â•â•â•â•â•â•â•â•â•â•â•â•â•â•â•â•â•â•â•â•â•â•â•â•â•â•â•â•â•â•â•â•â•â•â•â•â•â•â•â•â•â•â•â•â•â•â•â•â•â•â•â•£
â•‘ Resource â”‚ Used/Total â”‚ Utilization â”‚ Available â”‚ Status               â•‘
â• â”€â”€â”€â”€â”€â”€â”€â”€â”€â”€â”¼â”€â”€â”€â”€â”€â”€â”€â”€â”€â”€â”€â”€â”¼â”€â”€â”€â”€â”€â”€â”€â”€â”€â”€â”€â”€â”€â”¼â”€â”€â”€â”€â”€â”€â”€â”€â”€â”€â”€â”¼â”€â”€â”€â”€â”€â”€â”€â”€â”€â”€â”€â”€â”€â”€â”€â”€â”€â”€â”€â”€â”€â”€â•£
â•‘ Pods     â”‚  28/35     â”‚       80.0% â”‚         7 â”‚ ğŸŸ¡ WARN               â•‘
â•‘ CPU Req  â”‚      1785m â”‚       92.5% â”‚      145m â”‚ ğŸ”´ CRITICAL           â•‘
â•‘ Mem Req  â”‚     2620Mi â”‚       36.9% â”‚    4474Mi â”‚ ğŸŸ¢ OK                 â•‘
â• â”€â”€â”€â”€â”€â”€â”€â”€â”€â”€â”€â”€â”€â”€â”€â”€â”€â”€â”€â”€â”€â”€â”€â”€â”€â”€â”€â”€â”€â”€â”€â”€â”€â”€â”€â”€â”€â”€â”€â”€â”€â”€â”€â”€â”€â”€â”€â”€â”€â”€â”€â”€â”€â”€â”€â”€â”€â”€â”€â”€â”€â”€â”€â”€â”€â”€â”€â”€â”€â”€â”€â”€â”€â”€â”€â”€â”€â”€â•£
â•‘ Evaluation Pods: Running= 0 Pending= 5 Completed=16 Failed= 8                â•‘
â• â•â•â•â•â•â•â•â•â•â•â•â•â•â•â•â•â•â•â•â•â•â•â•â•â•â•â•â•â•â•â•â•â•â•â•â•â•â•â•â•â•â•â•â•â•â•â•â•â•â•â•â•â•â•â•â•â•â•â•â•â•â•â•â•â•â•â•â•â•â•â•â•â•â•â•â•â•â•â•£
â•‘ NODE DETAILS:                                                                â•‘
â• â”€â”€â”€â”€â”€â”€â”€â”€â”€â”€â”€â”€â”€â”€â”€â”€â”€â”€â”€â”€â”€â”€â”€â”€â”€â”€â”€â”€â”€â”€â”€â”€â”€â”€â”€â”€â”€â”€â”€â”€â”€â”€â”€â”€â”€â”€â”€â”€â”€â”€â”€â”€â”€â”€â”€â”€â”€â”€â”€â”€â”€â”€â”€â”€â”€â”€â”€â”€â”€â”€â”€â”€â”€â”€â”€â”€â”€â”€â•£
â•‘ ip-10-0-51-9 (t3.large):                                                     â•‘
â•‘   Pods: 28/35 (80.0%) [ 7 avail]                                             â•‘
â•‘   CPU:  Req= 1785m (92.5%)                                                   â•‘
â•‘   Mem:  Req=2620Mi (36.9%)                                                   â•‘
â•šâ•â•â•â•â•â•â•â•â•â•â•â•â•â•â•â•â•â•â•â•â•â•â•â•â•â•â•â•â•â•â•â•â•â•â•â•â•â•â•â•â•â•â•â•â•â•â•â•â•â•â•â•â•â•â•â•â•â•â•â•â•â•â•â•â•â•â•â•â•â•â•â•â•â•â•â•â•â•â•
  â”‚ [e2e]   [27.6s] 20250803_044322_03b080cd: provisioning
  â”‚ [integration] tests/integration/test_docker_event_diagnostics.py::test_diagnose_container_lifecycle_timing
  â”‚ [integration] === Container Lifecycle Timing Results ===
  â”‚ [integration]
  â”‚ [integration] Test: instant_error
  â”‚ [integration]   Submission time: 0.221s
  â”‚ [integration]   Total time: 7.460s
  â”‚ [integration]   Execution time: 7.239s
  â”‚ [integration]   Status: failed
  â”‚ [integration]   Has logs: True (length: 110)
  â”‚ [integration]
  â”‚ [integration] Test: print_then_error
  â”‚ [integration]   Submission time: 0.248s
  â”‚ [integration]   Total time: 8.133s
  â”‚ [integration]   Execution time: 7.885s
  â”‚ [integration]   Status: failed
  â”‚ [integration]   Has logs: True (length: 130)
  â”‚ [integration]
  â”‚ [integration] Test: sleep_then_error
  â”‚ [integration]   Submission time: 0.168s
  â”‚ [integration]   Total time: 6.120s
  â”‚ [integration]   Execution time: 5.952s
  â”‚ [integration]   Status: failed
  â”‚ [integration]   Has logs: True (length: 122)
  â”‚ [integration]
  â”‚ [integration] Test: normal_completion
  â”‚ [integration]   Submission time: 0.285s
  â”‚ [integration]   Total time: 6.001s
  â”‚ [integration]   Execution time: 5.717s
  â”‚ [integration]   Status: completed
  â”‚ [integration]   Has logs: True (length: 8)
  â”‚ [integration] PASSED
  â”‚ [integration] INFO:integration.conftest:API health check passed
  â”‚ [e2e]   [30.0s] 20250803_044322_03b080cd: provisioning
  â”‚ [e2e]   [32.1s] 20250803_044322_03b080cd: provisioning
  â”‚ [e2e]
  â”‚ [e2e] âš ï¸  No progress in 31s
  â”‚ [e2e]   Checking cluster resources...
  â”‚ [e2e]   Resource status: 0 running, 4 pending evaluation pods
  â”‚ [e2e]     Quota check: 5492MB used / 7168MB limit (1676MB available)
  â”‚ [e2e]     Evaluation pods: 0 running, 4 pending
  â”‚ [e2e]   â†’ Cluster has available capacity - waiting for scheduling
  â”‚ [e2e]
  â”‚ [e2e]   === Detailed Resource Status ===
  â”‚ [e2e]   ResourceQuota:
  â”‚ [e2e]     Memory: 5492Mi / 7Gi
  â”‚ [e2e]     CPU: 5100m / 8

[04:43:56] CLUSTER: Pods ğŸŸ¢ 27/35 CPU ğŸŸ¡ 87.3% Mem ğŸŸ¢ 35.1% | Evals: R=0 P=4
  â”‚ [e2e]
  â”‚ [e2e]   Evaluation Pods:
  â”‚ [e2e]     Pending (4):
  â”‚ [e2e]       - 20250803-044322-03b0-650f5950-97d7b
  â”‚ [e2e]       - 20250803-044352-5504-296edd72-m8s6g
  â”‚ [e2e]       - test-seq-2-175419620-508efee8-6jz68
  â”‚ [e2e]       - test-state-175419620-6e185107-jk4sx
  â”‚ [e2e]     Failed (8):
  â”‚ [e2e]       - 20250803-043600-ee60-4963b48e-96hf2
  â”‚ [e2e]       - 20250803-043610-f9cf-3b9ead78-r9zz8
  â”‚ [e2e]       - 20250803-043617-a460-78eee5dd-8pjn4
  â”‚ [e2e]       ... and 5 more
  â”‚ [e2e]
  â”‚ [e2e]   Evaluations without pods (1):
  â”‚ [e2e]     - 20250803_044322_03b080cd
  â”‚ [e2e]   === End Detailed Status ===
  â”‚ [e2e]   [34.4s] 20250803_044322_03b080cd: provisioning
  â”‚ [e2e]   [36.6s] 20250803_044322_03b080cd: provisioning
  â”‚ [e2e]   [38.7s] 20250803_044322_03b080cd: provisioning
  â”‚ [integration] tests/integration/test_docker_event_diagnostics.py::test_container_removal_timing
  â”‚ [integration] === Container Lifecycle Progression ===
  â”‚ [integration]   0.443s: status=running, output=False, error=False, runtime=Nonems
  â”‚ [integration]   0.607s: status=provisioning, output=False, error=False, runtime=Nonems
  â”‚ [integration]   0.784s: status=provisioning, output=False, error=False, runtime=Nonems
  â”‚ [integration]   1.025s: status=provisioning, output=False, error=False, runtime=Nonems
  â”‚ [integration]   1.303s: status=provisioning, output=False, error=False, runtime=Nonems
  â”‚ [integration]   1.784s: status=provisioning, output=False, error=False, runtime=Nonems
  â”‚ [integration]   2.416s: status=provisioning, output=False, error=False, runtime=Nonems
  â”‚ [integration]   3.111s: status=provisioning, output=False, error=False, runtime=Nonems
  â”‚ [integration]   4.177s: status=provisioning, output=False, error=False, runtime=Nonems
  â”‚ [integration]   5.581s: status=provisioning, output=False, error=False, runtime=Nonems
  â”‚ [integration]   7.590s: status=provisioning, output=False, error=False, runtime=Nonems
  â”‚ [integration]   9.795s: status=failed, output=False, error=True, runtime=7972ms
  â”‚ [integration] PASSED
  â”‚ [integration] INFO:integration.conftest:API health check passed

[04:44:04] CLUSTER: Pods ğŸŸ¡ 28/35 CPU ğŸ”´ 92.5% Mem ğŸŸ¢ 36.9% | Evals: R=1 P=3  â”‚ [e2e]   [40.9s] 20250803_044322_03b080cd: provisioning

  â”‚ [e2e]   [43.0s] 20250803_044322_03b080cd: provisioning
  â”‚ [e2e]
  â”‚ [e2e] âš ï¸  No progress in 42s
  â”‚ [e2e]   Checking cluster resources...
  â”‚ [e2e]   Resource status: 0 running, 3 pending evaluation pods
  â”‚ [e2e]     Quota check: 5364MB used / 7168MB limit (1804MB available)
  â”‚ [e2e]     Evaluation pods: 0 running, 3 pending
  â”‚ [e2e]   â†’ Cluster has available capacity - waiting for scheduling
  â”‚ [e2e]
  â”‚ [e2e]   === Detailed Resource Status ===
  â”‚ [e2e]   ResourceQuota:
  â”‚ [e2e]     Memory: 5364Mi / 7Gi
  â”‚ [e2e]     CPU: 5 / 8
  â”‚ [e2e]
  â”‚ [e2e]   Evaluation Pods:
  â”‚ [e2e]     Pending (3):
  â”‚ [e2e]       - 20250803-044322-03b0-650f5950-97d7b
  â”‚ [e2e]       - 20250803-044402-c938-f677c53a-ht2jv
  â”‚ [e2e]       - test-state-175419620-6e185107-jk4sx
  â”‚ [e2e]     Failed (9):
  â”‚ [e2e]       - 20250803-043600-ee60-4963b48e-96hf2
  â”‚ [e2e]       - 20250803-043610-f9cf-3b9ead78-r9zz8
  â”‚ [e2e]       - 20250803-043617-a460-78eee5dd-8pjn4
  â”‚ [e2e]       ... and 6 more
  â”‚ [e2e]
  â”‚ [e2e]   Evaluations without pods (1):
  â”‚ [e2e]     - 20250803_044322_03b080cd
  â”‚ [e2e]   === End Detailed Status ===
  â”‚ [e2e]   [45.3s] 20250803_044322_03b080cd: provisioning
  â”‚ [e2e]   [47.4s] 20250803_044322_03b080cd: provisioning
  â”‚ [integration] tests/integration/test_evaluation_job_imports.py::TestEvaluationJobImports::test_standard_library_imports PASSED
  â”‚ [integration] INFO:integration.conftest:API health check passed

â•”â•â•â•â•â•â•â•â•â•â•â•â•â•â•â•â•â•â•â•â•â•â•â•â•â•â•â•â•â•â•â•â•â•â•â•â•â•â•â•â•â•â•â•â•â•â•â•â•â•â•â•â•â•â•â•â•â•â•â•â•â•â•â•â•â•â•â•â•â•â•â•â•â•â•â•â•â•â•â•—
â•‘                   CLUSTER RESOURCE MONITOR - 04:44:12 UTC                    â•‘
â• â•â•â•â•â•â•â•â•â•â•â•â•â•â•â•â•â•â•â•â•â•â•â•â•â•â•â•â•â•â•â•â•â•â•â•â•â•â•â•â•â•â•â•â•â•â•â•â•â•â•â•â•â•â•â•â•â•â•â•â•â•â•â•â•â•â•â•â•â•â•â•â•â•â•â•â•â•â•â•£
â•‘ Resource â”‚ Used/Total â”‚ Utilization â”‚ Available â”‚ Status               â•‘
â• â”€â”€â”€â”€â”€â”€â”€â”€â”€â”€â”¼â”€â”€â”€â”€â”€â”€â”€â”€â”€â”€â”€â”€â”¼â”€â”€â”€â”€â”€â”€â”€â”€â”€â”€â”€â”€â”€â”¼â”€â”€â”€â”€â”€â”€â”€â”€â”€â”€â”€â”¼â”€â”€â”€â”€â”€â”€â”€â”€â”€â”€â”€â”€â”€â”€â”€â”€â”€â”€â”€â”€â”€â”€â•£
â•‘ Pods     â”‚  27/35     â”‚       77.1% â”‚         8 â”‚ ğŸŸ¢ OK                 â•‘
â•‘ CPU Req  â”‚      1685m â”‚       87.3% â”‚      245m â”‚ ğŸŸ¡ WARN               â•‘
â•‘ Mem Req  â”‚     2492Mi â”‚       35.1% â”‚    4602Mi â”‚ ğŸŸ¢ OK                 â•‘
â• â”€â”€â”€â”€â”€â”€â”€â”€â”€â”€â”€â”€â”€â”€â”€â”€â”€â”€â”€â”€â”€â”€â”€â”€â”€â”€â”€â”€â”€â”€â”€â”€â”€â”€â”€â”€â”€â”€â”€â”€â”€â”€â”€â”€â”€â”€â”€â”€â”€â”€â”€â”€â”€â”€â”€â”€â”€â”€â”€â”€â”€â”€â”€â”€â”€â”€â”€â”€â”€â”€â”€â”€â”€â”€â”€â”€â”€â”€â•£
â•‘ Evaluation Pods: Running= 0 Pending= 3 Completed=18 Failed= 9                â•‘
â• â•â•â•â•â•â•â•â•â•â•â•â•â•â•â•â•â•â•â•â•â•â•â•â•â•â•â•â•â•â•â•â•â•â•â•â•â•â•â•â•â•â•â•â•â•â•â•â•â•â•â•â•â•â•â•â•â•â•â•â•â•â•â•â•â•â•â•â•â•â•â•â•â•â•â•â•â•â•â•£
â•‘ NODE DETAILS:                                                                â•‘
â• â”€â”€â”€â”€â”€â”€â”€â”€â”€â”€â”€â”€â”€â”€â”€â”€â”€â”€â”€â”€â”€â”€â”€â”€â”€â”€â”€â”€â”€â”€â”€â”€â”€â”€â”€â”€â”€â”€â”€â”€â”€â”€â”€â”€â”€â”€â”€â”€â”€â”€â”€â”€â”€â”€â”€â”€â”€â”€â”€â”€â”€â”€â”€â”€â”€â”€â”€â”€â”€â”€â”€â”€â”€â”€â”€â”€â”€â”€â•£
â•‘ ip-10-0-51-9 (t3.large):                                                     â•‘
â•‘   Pods: 27/35 (77.1%) [ 8 avail]                                             â•‘
â•‘   CPU:  Req= 1685m (87.3%)                                                   â•‘
â•‘   Mem:  Req=2492Mi (35.1%)                                                   â•‘
â•šâ•â•â•â•â•â•â•â•â•â•â•â•â•â•â•â•â•â•â•â•â•â•â•â•â•â•â•â•â•â•â•â•â•â•â•â•â•â•â•â•â•â•â•â•â•â•â•â•â•â•â•â•â•â•â•â•â•â•â•â•â•â•â•â•â•â•â•â•â•â•â•â•â•â•â•â•â•â•â•
  â”‚ [e2e]   [49.7s] 20250803_044322_03b080cd: provisioning
  â”‚ [e2e]   [52.1s] 20250803_044322_03b080cd: provisioning
  â”‚ [e2e]   [54.3s] 20250803_044322_03b080cd: provisioning
  â”‚ [e2e]
  â”‚ [e2e] âš ï¸  No progress in 54s
  â”‚ [e2e]   Checking cluster resources...
  â”‚ [e2e]   Resource status: 1 running, 2 pending evaluation pods
  â”‚ [e2e]     Quota check: 5364MB used / 7168MB limit (1804MB available)
  â”‚ [e2e]     Evaluation pods: 1 running, 2 pending
  â”‚ [e2e]   â†’ Cluster has available capacity - waiting for scheduling
  â”‚ [e2e]
  â”‚ [e2e]   === Detailed Resource Status ===
  â”‚ [e2e]   ResourceQuota:
  â”‚ [e2e]     Memory: 5364Mi / 7Gi
  â”‚ [e2e]     CPU: 5 / 8
  â”‚ [e2e]
  â”‚ [e2e]   Evaluation Pods:
  â”‚ [e2e]     Running (1):
  â”‚ [e2e]       - 20250803-044411-26b5-322c4159-rd67t
  â”‚ [e2e]     Pending (2):
  â”‚ [e2e]       - 20250803-044322-03b0-650f5950-97d7b
  â”‚ [e2e]       - test-state-175419620-6e185107-jk4sx
  â”‚ [e2e]     Failed (9):
  â”‚ [e2e]       - 20250803-043600-ee60-4963b48e-96hf2
  â”‚ [e2e]       - 20250803-043610-f9cf-3b9ead78-r9zz8
  â”‚ [e2e]       - 20250803-043617-a460-78eee5dd-8pjn4
  â”‚ [e2e]       ... and 6 more
  â”‚ [e2e]
  â”‚ [e2e]   Evaluations without pods (1):
  â”‚ [e2e]     - 20250803_044322_03b080cd
  â”‚ [e2e]   === End Detailed Status ===

[04:44:20] CLUSTER: Pods ğŸŸ¡ 28/35 CPU ğŸ”´ 92.5% Mem ğŸŸ¢ 36.9% | Evals: R=1 P=2
  â”‚ [e2e]   [57.1s] 20250803_044322_03b080cd: provisioning
  â”‚ [e2e]   [59.5s] 20250803_044322_03b080cd: provisioning
  â”‚ [e2e]   [61.7s] 20250803_044322_03b080cd: provisioning
  â”‚ [integration] tests/integration/test_evaluation_job_imports.py::TestEvaluationJobImports::test_import_error_captured PASSED
  â”‚ [integration] INFO:integration.conftest:API health check passed
  â”‚ [e2e]   [64.1s] 20250803_044322_03b080cd: provisioning

[04:44:28] CLUSTER: Pods ğŸŸ¡ 28/35 CPU ğŸ”´ 92.5% Mem ğŸŸ¢ 36.9% | Evals: R=0 P=3
  â”‚ [e2e]   [66.2s] 20250803_044322_03b080cd: failed
  â”‚ [e2e]
  â”‚ [e2e] [66.1s] Progress: 0 completed, 1 failed, 0 pending
  â”‚ [e2e]
  â”‚ [e2e] === Evaluation Summary ===
  â”‚ [e2e] Duration: 66.7s
  â”‚ [e2e] Completed: 0
  â”‚ [e2e] Failed: 1
  â”‚ [e2e] Incomplete: 0
  â”‚ [e2e] PASSED
  â”‚ [e2e] tests/e2e/test_core_flows.py::test_storage_retrieval
  â”‚ [e2e] [EVAL_SUBMIT] eval_id=20250803_044430_13e13278 timestamp=1754196270.1505203
  â”‚ [e2e] Resource-based timeout: 30s (1 waves with 15 concurrent)
  â”‚ [e2e]
  â”‚ [e2e] === Adaptive Evaluation Wait ===
  â”‚ [e2e] Total evaluations: 1
  â”‚ [e2e] Timeout: 120s
  â”‚ [e2e]   Resource status: 0 running, 1 pending evaluation pods
  â”‚ [e2e]   [0.8s] 20250803_044430_13e13278: provisioning
  â”‚ [e2e]   [3.0s] 20250803_044430_13e13278: provisioning
  â”‚ [e2e]   [5.4s] 20250803_044430_13e13278: provisioning

â•”â•â•â•â•â•â•â•â•â•â•â•â•â•â•â•â•â•â•â•â•â•â•â•â•â•â•â•â•â•â•â•â•â•â•â•â•â•â•â•â•â•â•â•â•â•â•â•â•â•â•â•â•â•â•â•â•â•â•â•â•â•â•â•â•â•â•â•â•â•â•â•â•â•â•â•â•â•â•â•—
â•‘                   CLUSTER RESOURCE MONITOR - 04:44:36 UTC                    â•‘
â• â•â•â•â•â•â•â•â•â•â•â•â•â•â•â•â•â•â•â•â•â•â•â•â•â•â•â•â•â•â•â•â•â•â•â•â•â•â•â•â•â•â•â•â•â•â•â•â•â•â•â•â•â•â•â•â•â•â•â•â•â•â•â•â•â•â•â•â•â•â•â•â•â•â•â•â•â•â•â•£
â•‘ Resource â”‚ Used/Total â”‚ Utilization â”‚ Available â”‚ Status               â•‘
â• â”€â”€â”€â”€â”€â”€â”€â”€â”€â”€â”¼â”€â”€â”€â”€â”€â”€â”€â”€â”€â”€â”€â”€â”¼â”€â”€â”€â”€â”€â”€â”€â”€â”€â”€â”€â”€â”€â”¼â”€â”€â”€â”€â”€â”€â”€â”€â”€â”€â”€â”¼â”€â”€â”€â”€â”€â”€â”€â”€â”€â”€â”€â”€â”€â”€â”€â”€â”€â”€â”€â”€â”€â”€â•£
â•‘ Pods     â”‚  28/35     â”‚       80.0% â”‚         7 â”‚ ğŸŸ¡ WARN               â•‘
â•‘ CPU Req  â”‚      1785m â”‚       92.5% â”‚      145m â”‚ ğŸ”´ CRITICAL           â•‘
â•‘ Mem Req  â”‚     2620Mi â”‚       36.9% â”‚    4474Mi â”‚ ğŸŸ¢ OK                 â•‘
â• â”€â”€â”€â”€â”€â”€â”€â”€â”€â”€â”€â”€â”€â”€â”€â”€â”€â”€â”€â”€â”€â”€â”€â”€â”€â”€â”€â”€â”€â”€â”€â”€â”€â”€â”€â”€â”€â”€â”€â”€â”€â”€â”€â”€â”€â”€â”€â”€â”€â”€â”€â”€â”€â”€â”€â”€â”€â”€â”€â”€â”€â”€â”€â”€â”€â”€â”€â”€â”€â”€â”€â”€â”€â”€â”€â”€â”€â”€â•£
â•‘ Evaluation Pods: Running= 1 Pending= 2 Completed=18 Failed= 9                â•‘
â• â•â•â•â•â•â•â•â•â•â•â•â•â•â•â•â•â•â•â•â•â•â•â•â•â•â•â•â•â•â•â•â•â•â•â•â•â•â•â•â•â•â•â•â•â•â•â•â•â•â•â•â•â•â•â•â•â•â•â•â•â•â•â•â•â•â•â•â•â•â•â•â•â•â•â•â•â•â•â•£
â•‘ NODE DETAILS:                                                                â•‘
â• â”€â”€â”€â”€â”€â”€â”€â”€â”€â”€â”€â”€â”€â”€â”€â”€â”€â”€â”€â”€â”€â”€â”€â”€â”€â”€â”€â”€â”€â”€â”€â”€â”€â”€â”€â”€â”€â”€â”€â”€â”€â”€â”€â”€â”€â”€â”€â”€â”€â”€â”€â”€â”€â”€â”€â”€â”€â”€â”€â”€â”€â”€â”€â”€â”€â”€â”€â”€â”€â”€â”€â”€â”€â”€â”€â”€â”€â”€â•£
â•‘ ip-10-0-51-9 (t3.large):                                                     â•‘
â•‘   Pods: 28/35 (80.0%) [ 7 avail]                                             â•‘
â•‘   CPU:  Req= 1785m (92.5%)                                                   â•‘
â•‘   Mem:  Req=2620Mi (36.9%)                                                   â•‘
â•šâ•â•â•â•â•â•â•â•â•â•â•â•â•â•â•â•â•â•â•â•â•â•â•â•â•â•â•â•â•â•â•â•â•â•â•â•â•â•â•â•â•â•â•â•â•â•â•â•â•â•â•â•â•â•â•â•â•â•â•â•â•â•â•â•â•â•â•â•â•â•â•â•â•â•â•â•â•â•â•
  â”‚ [e2e]   [7.8s] 20250803_044430_13e13278: provisioning
  â”‚ [e2e]   [9.9s] 20250803_044430_13e13278: provisioning
  â”‚ [e2e]   [12.3s] 20250803_044430_13e13278: provisioning
  â”‚ [integration] tests/integration/test_evaluation_job_imports.py::TestEvaluationJobImports::test_ml_libraries_available PASSED
  â”‚ [integration] INFO:integration.conftest:API health check passed

[04:44:44] CLUSTER: Pods ğŸŸ¡ 28/35 CPU ğŸ”´ 92.5% Mem ğŸŸ¢ 36.9% | Evals: R=1 P=2
  â”‚ [e2e]   [14.5s] 20250803_044430_13e13278: failed
  â”‚ [e2e]
  â”‚ [e2e] [14.3s] Progress: 0 completed, 1 failed, 0 pending
  â”‚ [e2e]
  â”‚ [e2e] === Evaluation Summary ===
  â”‚ [e2e] Duration: 15.0s
  â”‚ [e2e] Completed: 0
  â”‚ [e2e] Failed: 1
  â”‚ [e2e] Incomplete: 0
  â”‚ [e2e] FAILED
  â”‚ [e2e] tests/e2e/test_core_flows.py::test_evaluation_timeout
  â”‚ [e2e] [EVAL_SUBMIT] eval_id=20250803_044445_ea6cb54c timestamp=1754196285.4657083
  â”‚ [e2e] Resource-based timeout: 30s (1 waves with 15 concurrent)
  â”‚ [e2e]
  â”‚ [e2e] === Adaptive Evaluation Wait ===
  â”‚ [e2e] Total evaluations: 1
  â”‚ [e2e] Timeout: 30s
  â”‚ [e2e]   Resource status: 0 running, 2 pending evaluation pods
  â”‚ [e2e]   [1.0s] 20250803_044445_ea6cb54c: provisioning
  â”‚ [e2e]   [3.1s] 20250803_044445_ea6cb54c: provisioning
  â”‚ [integration] tests/integration/test_evaluation_job_imports.py::TestEvaluationJobImports::test_sys_path_and_modules PASSED
  â”‚ [integration] INFO:integration.conftest:API health check passed
  â”‚ [e2e]   [5.5s] 20250803_044445_ea6cb54c: provisioning

[04:44:52] CLUSTER: Pods ğŸŸ¡ 28/35 CPU ğŸ”´ 92.5% Mem ğŸŸ¢ 36.9% | Evals: R=1 P=2
  â”‚ [e2e]   [7.7s] 20250803_044445_ea6cb54c: failed
  â”‚ [e2e]
  â”‚ [e2e] [7.5s] Progress: 0 completed, 1 failed, 0 pending
  â”‚ [e2e]
  â”‚ [e2e] === Evaluation Summary ===
  â”‚ [e2e] Duration: 8.2s
  â”‚ [e2e] Completed: 0
  â”‚ [e2e] Failed: 1
  â”‚ [e2e] Incomplete: 0
  â”‚ [e2e] PASSED
  â”‚ [e2e] tests/e2e/test_core_flows.py::test_language_parameter
  â”‚ [e2e] [EVAL_SUBMIT] eval_id=20250803_044454_bd3d22bc timestamp=1754196294.0787184
  â”‚ [e2e] PASSED
  â”‚ [e2e] tests/e2e/test_evaluation_lifecycle.py::test_evaluation_completes_and_status_updates Resource-based timeout: 30s (1 waves with 14 concurrent)
  â”‚ [e2e]
  â”‚ [e2e] === Adaptive Evaluation Wait ===
  â”‚ [e2e] Total evaluations: 1
  â”‚ [e2e] Timeout: 30s
  â”‚ [e2e]   Resource status: 1 running, 3 pending evaluation pods
  â”‚ [e2e]   [0.5s] 20250803_044454_fbc6081b: provisioning

[1/2] âŒ e2e: failed (130.5s)
  â”‚ [integration] tests/integration/test_evaluation_job_imports.py::TestEvaluationJobImports::test_import_with_syntax_error PASSED
  â”‚ [integration] INFO:integration.conftest:API health check passed

â•”â•â•â•â•â•â•â•â•â•â•â•â•â•â•â•â•â•â•â•â•â•â•â•â•â•â•â•â•â•â•â•â•â•â•â•â•â•â•â•â•â•â•â•â•â•â•â•â•â•â•â•â•â•â•â•â•â•â•â•â•â•â•â•â•â•â•â•â•â•â•â•â•â•â•â•â•â•â•â•—
â•‘                   CLUSTER RESOURCE MONITOR - 04:44:59 UTC                    â•‘
â• â•â•â•â•â•â•â•â•â•â•â•â•â•â•â•â•â•â•â•â•â•â•â•â•â•â•â•â•â•â•â•â•â•â•â•â•â•â•â•â•â•â•â•â•â•â•â•â•â•â•â•â•â•â•â•â•â•â•â•â•â•â•â•â•â•â•â•â•â•â•â•â•â•â•â•â•â•â•â•£
â•‘ Resource â”‚ Used/Total â”‚ Utilization â”‚ Available â”‚ Status               â•‘
â• â”€â”€â”€â”€â”€â”€â”€â”€â”€â”€â”¼â”€â”€â”€â”€â”€â”€â”€â”€â”€â”€â”€â”€â”¼â”€â”€â”€â”€â”€â”€â”€â”€â”€â”€â”€â”€â”€â”¼â”€â”€â”€â”€â”€â”€â”€â”€â”€â”€â”€â”¼â”€â”€â”€â”€â”€â”€â”€â”€â”€â”€â”€â”€â”€â”€â”€â”€â”€â”€â”€â”€â”€â”€â•£
â•‘ Pods     â”‚  27/35     â”‚       77.1% â”‚         8 â”‚ ğŸŸ¢ OK                 â•‘
â•‘ CPU Req  â”‚      1685m â”‚       87.3% â”‚      245m â”‚ ğŸŸ¡ WARN               â•‘
â•‘ Mem Req  â”‚     2492Mi â”‚       35.1% â”‚    4602Mi â”‚ ğŸŸ¢ OK                 â•‘
â• â”€â”€â”€â”€â”€â”€â”€â”€â”€â”€â”€â”€â”€â”€â”€â”€â”€â”€â”€â”€â”€â”€â”€â”€â”€â”€â”€â”€â”€â”€â”€â”€â”€â”€â”€â”€â”€â”€â”€â”€â”€â”€â”€â”€â”€â”€â”€â”€â”€â”€â”€â”€â”€â”€â”€â”€â”€â”€â”€â”€â”€â”€â”€â”€â”€â”€â”€â”€â”€â”€â”€â”€â”€â”€â”€â”€â”€â”€â•£
â•‘ Evaluation Pods: Running= 0 Pending= 4 Completed=19 Failed=10                â•‘
â• â•â•â•â•â•â•â•â•â•â•â•â•â•â•â•â•â•â•â•â•â•â•â•â•â•â•â•â•â•â•â•â•â•â•â•â•â•â•â•â•â•â•â•â•â•â•â•â•â•â•â•â•â•â•â•â•â•â•â•â•â•â•â•â•â•â•â•â•â•â•â•â•â•â•â•â•â•â•â•£
â•‘ NODE DETAILS:                                                                â•‘
â• â”€â”€â”€â”€â”€â”€â”€â”€â”€â”€â”€â”€â”€â”€â”€â”€â”€â”€â”€â”€â”€â”€â”€â”€â”€â”€â”€â”€â”€â”€â”€â”€â”€â”€â”€â”€â”€â”€â”€â”€â”€â”€â”€â”€â”€â”€â”€â”€â”€â”€â”€â”€â”€â”€â”€â”€â”€â”€â”€â”€â”€â”€â”€â”€â”€â”€â”€â”€â”€â”€â”€â”€â”€â”€â”€â”€â”€â”€â•£
â•‘ ip-10-0-51-9 (t3.large):                                                     â•‘
â•‘   Pods: 27/35 (77.1%) [ 8 avail]                                             â•‘
â•‘   CPU:  Req= 1685m (87.3%)                                                   â•‘
â•‘   Mem:  Req=2492Mi (35.1%)                                                   â•‘
â•šâ•â•â•â•â•â•â•â•â•â•â•â•â•â•â•â•â•â•â•â•â•â•â•â•â•â•â•â•â•â•â•â•â•â•â•â•â•â•â•â•â•â•â•â•â•â•â•â•â•â•â•â•â•â•â•â•â•â•â•â•â•â•â•â•â•â•â•â•â•â•â•â•â•â•â•â•â•â•â•

[04:45:07] CLUSTER: Pods ğŸŸ¡ 28/35 CPU ğŸ”´ 92.5% Mem ğŸŸ¢ 36.9% | Evals: R=0 P=3
  â”‚ [integration] tests/integration/test_evaluation_job_imports.py::TestEvaluationJobImports::test_relative_imports PASSED
  â”‚ [integration] INFO:integration.conftest:API health check passed

[04:45:15] CLUSTER: Pods ğŸŸ¡ 28/35 CPU ğŸ”´ 92.5% Mem ğŸŸ¢ 36.9% | Evals: R=0 P=2
  â”‚ [integration] tests/integration/test_evaluation_job_imports.py::TestEvaluationJobImports::test_multiline_imports PASSED
  â”‚ [integration] INFO:integration.conftest:API health check passed

[2/2] âŒ integration: failed (153.5s)

================================================================================
TEST SUMMARY
================================================================================

Test Suites:
  Succeeded: 0
  Failed: 2

Test Cases:
  Passed: 0
  Failed: 0
  Skipped: 0

âŒ FAILED SUITES:
  - e2e-tests-20250802-214153-01:
    ============================= test session starts ==============================
platform linux -- Python 3.11.13, pytest-8.4.1, pluggy-1.6.0 -- /usr/local/bin/python
cachedir: .pytest_cache
rootdir: /app
configfile: pyproject.toml
plugins: anyio-3.7.1, asyncio-0.26.0, cov-6.2.1, mock-3.14.1, timeout-2.4.0
asyncio: mode=Mode.STRICT, asyncio_default_fixture_loop_scope=None, asyncio_default_test_loop_scope=function
collecting ... collected 26 items / 4 deselected / 22 selected

tests/e2e/test_core_flows.py::test_health_check PASSED
tests/e2e/test_core_flows.py::test_submit_evaluation
[EVAL_SUBMIT] eval_id=20250803_044252_62a93b70 timestamp=1754196172.0813344
PASSED
tests/e2e/test_core_flows.py::test_evaluation_lifecycle
[EVAL_SUBMIT] eval_id=20250803_044252_96afc8b6 timestamp=1754196172.3624914
Resource-based timeout: 30s (1 waves with 17 concurrent)

=== Adaptive Evaluation Wait ===
Total evaluations: 1
Timeout: 120s
  Resource status: 0 running, 0 pending evaluation pods
  [0.9s] 20250803_044252_96afc8b6: provisioning
  [3.1s] 20250803_044252_96afc8b6: provisioning
  [5.3s] 20250803_044252_96afc8b6: provisioning
  [7.4s] 20250803_044252_96afc8b6: provisioning
  [9.6s] 20250803_044252_96afc8b6: provisioning
  [11.8s] 20250803_044252_96afc8b6: completed

[11.6s] Progress: 1 completed, 0 failed, 0 pending

=== Evaluation Summary ===
Duration: 12.3s
Completed: 1
Failed: 0
Incomplete: 0
PASSED
tests/e2e/test_core_flows.py::test_error_handling
[EVAL_SUBMIT] eval_id=20250803_044305_a0c1f138 timestamp=1754196185.4327354
Resource-based timeout: 30s (1 waves with 16 concurrent)

=== Adaptive Evaluation Wait ===
Total evaluations: 1
Timeout: 120s
  Resource status: 1 running, 1 pending evaluation pods
  [0.8s] 20250803_044305_a0c1f138: provisioning
  [3.0s] 20250803_044305_a0c1f138: provisioning
  [5.2s] 20250803_044305_a0c1f138: provisioning
  [7.3s] 20250803_044305_a0c1f138: provisioning
  [9.5s] 20250803_044305_a0c1f138: provisioning
  [11.7s] 20250803_044305_a0c1f138: provisioning
  [13.9s] 20250803_044305_a0c1f138: provisioning
  [16.2s] 20250803_044305_a0c1f138: failed

[15.9s] Progress: 0 completed, 1 failed, 0 pending

=== Evaluation Summary ===
Duration: 16.7s
Completed: 0
Failed: 1
Incomplete: 0

[EVAL_SUBMIT] eval_id=20250803_044322_03b080cd timestamp=1754196202.5386484
Resource-based timeout: 30s (1 waves with 14 concurrent)

=== Adaptive Evaluation Wait ===
Total evaluations: 1
Timeout: 120s
  Resource status: 0 running, 3 pending evaluation pods
  [0.7s] 20250803_044322_03b080cd: provisioning
  [3.0s] 20250803_044322_03b080cd: provisioning
  [5.2s] 20250803_044322_03b080cd: provisioning
  [7.4s] 20250803_044322_03b080cd: provisioning
  [9.6s] 20250803_044322_03b080cd: provisioning
  [12.0s] 20250803_044322_03b080cd: provisioning
  [14.1s] 20250803_044322_03b080cd: provisioning
  [16.2s] 20250803_044322_03b080cd: provisioning
  [18.6s] 20250803_044322_03b080cd: provisioning
  [20.9s] 20250803_044322_03b080cd: provisioning
  [23.1s] 20250803_044322_03b080cd: provisioning
  [25.5s] 20250803_044322_03b080cd: provisioning
  [27.6s] 20250803_044322_03b080cd: provisioning
  [30.0s] 20250803_044322_03b080cd: provisioning
  [32.1s] 20250803_044322_03b080cd: provisioning

âš ï¸  No progress in 31s
  Checking cluster resources...
  Resource status: 0 running, 4 pending evaluation pods
    Quota check: 5492MB used / 7168MB limit (1676MB available)
    Evaluation pods: 0 running, 4 pending
  â†’ Cluster has available capacity - waiting for scheduling

  === Detailed Resource Status ===
  ResourceQuota:
    Memory: 5492Mi / 7Gi
    CPU: 5100m / 8

  Evaluation Pods:
    Pending (4):
      - 20250803-044322-03b0-650f5950-97d7b
      - 20250803-044352-5504-296edd72-m8s6g
      - test-seq-2-175419620-508efee8-6jz68
      - test-state-175419620-6e185107-jk4sx
    Failed (8):
      - 20250803-043600-ee60-4963b48e-96hf2
      - 20250803-043610-f9cf-3b9ead78-r9zz8
      - 20250803-043617-a460-78eee5dd-8pjn4
      ... and 5 more

  Evaluations without pods (1):
    - 20250803_044322_03b080cd
  === End Detailed Status ===
  [34.4s] 20250803_044322_03b080cd: provisioning
  [36.6s] 20250803_044322_03b080cd: provisioning
  [38.7s] 20250803_044322_03b080cd: provisioning
  [40.9s] 20250803_044322_03b080cd: provisioning
  [43.0s] 20250803_044322_03b080cd: provisioning

âš ï¸  No progress in 42s
  Checking cluster resources...
  Resource status: 0 running, 3 pending evaluation pods
    Quota check: 5364MB used / 7168MB limit (1804MB available)
    Evaluation pods: 0 running, 3 pending
  â†’ Cluster has available capacity - waiting for scheduling

  === Detailed Resource Status ===
  ResourceQuota:
    Memory: 5364Mi / 7Gi
    CPU: 5 / 8

  Evaluation Pods:
    Pending (3):
      - 20250803-044322-03b0-650f5950-97d7b
      - 20250803-044402-c938-f677c53a-ht2jv
      - test-state-175419620-6e185107-jk4sx
    Failed (9):
      - 20250803-043600-ee60-4963b48e-96hf2
      - 20250803-043610-f9cf-3b9ead78-r9zz8
      - 20250803-043617-a460-78eee5dd-8pjn4
      ... and 6 more

  Evaluations without pods (1):
    - 20250803_044322_03b080cd
  === End Detailed Status ===
  [45.3s] 20250803_044322_03b080cd: provisioning
  [47.4s] 20250803_044322_03b080cd: provisioning
  [49.7s] 20250803_044322_03b080cd: provisioning
  [52.1s] 20250803_044322_03b080cd: provisioning
  [54.3s] 20250803_044322_03b080cd: provisioning

âš ï¸  No progress in 54s
  Checking cluster resources...
  Resource status: 1 running, 2 pending evaluation pods
    Quota check: 5364MB used / 7168MB limit (1804MB available)
    Evaluation pods: 1 running, 2 pending
  â†’ Cluster has available capacity - waiting for scheduling

  === Detailed Resource Status ===
  ResourceQuota:
    Memory: 5364Mi / 7Gi
    CPU: 5 / 8

  Evaluation Pods:
    Running (1):
      - 20250803-044411-26b5-322c4159-rd67t
    Pending (2):
      - 20250803-044322-03b0-650f5950-97d7b
      - test-state-175419620-6e185107-jk4sx
    Failed (9):
      - 20250803-043600-ee60-4963b48e-96hf2
      - 20250803-043610-f9cf-3b9ead78-r9zz8
      - 20250803-043617-a460-78eee5dd-8pjn4
      ... and 6 more

  Evaluations without pods (1):
    - 20250803_044322_03b080cd
  === End Detailed Status ===
  [57.1s] 20250803_044322_03b080cd: provisioning
  [59.5s] 20250803_044322_03b080cd: provisioning
  [61.7s] 20250803_044322_03b080cd: provisioning
  [64.1s] 20250803_044322_03b080cd: provisioning
  [66.2s] 20250803_044322_03b080cd: failed

[66.1s] Progress: 0 completed, 1 failed, 0 pending

=== Evaluation Summary ===
Duration: 66.7s
Completed: 0
Failed: 1
Incomplete: 0
PASSED
tests/e2e/test_core_flows.py::test_storage_retrieval
[EVAL_SUBMIT] eval_id=20250803_044430_13e13278 timestamp=1754196270.1505203
Resource-based timeout: 30s (1 waves with 15 concurrent)

=== Adaptive Evaluation Wait ===
Total evaluations: 1
Timeout: 120s
  Resource status: 0 running, 1 pending evaluation pods
  [0.8s] 20250803_044430_13e13278: provisioning
  [3.0s] 20250803_044430_13e13278: provisioning
  [5.4s] 20250803_044430_13e13278: provisioning
  [7.8s] 20250803_044430_13e13278: provisioning
  [9.9s] 20250803_044430_13e13278: provisioning
  [12.3s] 20250803_044430_13e13278: provisioning
  [14.5s] 20250803_044430_13e13278: failed

[14.3s] Progress: 0 completed, 1 failed, 0 pending

=== Evaluation Summary ===
Duration: 15.0s
Completed: 0
Failed: 1
Incomplete: 0
FAILED
tests/e2e/test_core_flows.py::test_evaluation_timeout
[EVAL_SUBMIT] eval_id=20250803_044445_ea6cb54c timestamp=1754196285.4657083
Resource-based timeout: 30s (1 waves with 15 concurrent)

=== Adaptive Evaluation Wait ===
Total evaluations: 1
Timeout: 30s
  Resource status: 0 running, 2 pending evaluation pods
  [1.0s] 20250803_044445_ea6cb54c: provisioning
  [3.1s] 20250803_044445_ea6cb54c: provisioning
  [5.5s] 20250803_044445_ea6cb54c: provisioning
  [7.7s] 20250803_044445_ea6cb54c: failed

[7.5s] Progress: 0 completed, 1 failed, 0 pending

=== Evaluation Summary ===
Duration: 8.2s
Completed: 0
Failed: 1
Incomplete: 0
PASSED
tests/e2e/test_core_flows.py::test_language_parameter
[EVAL_SUBMIT] eval_id=20250803_044454_bd3d22bc timestamp=1754196294.0787184
PASSED
tests/e2e/test_evaluation_lifecycle.py::test_evaluation_completes_and_status_updates Resource-based timeout: 30s (1 waves with 14 concurrent)

=== Adaptive Evaluation Wait ===
Total evaluations: 1
Timeout: 30s
  Resource status: 1 running, 3 pending evaluation pods
  [0.5s] 20250803_044454_fbc6081b: provisioning
  - integration-tests-20250802-214153-00:
    ============================= test session starts ==============================
platform linux -- Python 3.11.13, pytest-8.4.1, pluggy-1.6.0 -- /usr/local/bin/python
cachedir: .pytest_cache
rootdir: /app
configfile: pyproject.toml
plugins: anyio-3.7.1, asyncio-0.26.0, cov-6.2.1, mock-3.14.1, timeout-2.4.0
asyncio: mode=Mode.STRICT, asyncio_default_fixture_loop_scope=None, asyncio_default_test_loop_scope=function
INFO:storage.core.flexible_manager:Using file storage as primary
collecting ... Caching enabled
INFO:storage_service.app:Storage service initialized:
INFO:storage_service.app:  Primary backend: file
INFO:storage_service.app:  Database URL: not configured
INFO:storage_service.app:  File storage: ./data
INFO:storage_service.app:  Cache enabled: True
INFO:storage_service.app:  Large file threshold: 10485760 bytes
collected 30 items / 2 deselected / 28 selected

tests/integration/test_available_libraries.py::test_available_libraries
[EVAL_SUBMIT] eval_id=20250803_044252_bc484e9c timestamp=1754196172.681582
Resource-based timeout: 30s (1 waves with 16 concurrent)

=== Adaptive Evaluation Wait ===
Total evaluations: 1
Timeout: 120s
  Resource status: 0 running, 0 pending evaluation pods
  [1.1s] 20250803_044252_bc484e9c: queued
  [3.3s] 20250803_044252_bc484e9c: provisioning
  [5.5s] 20250803_044252_bc484e9c: provisioning
  [7.6s] 20250803_044252_bc484e9c: provisioning
  [9.7s] 20250803_044252_bc484e9c: provisioning
  [12.0s] 20250803_044252_bc484e9c: provisioning
  [14.1s] 20250803_044252_bc484e9c: provisioning
  [16.4s] 20250803_044252_bc484e9c: provisioning
  [18.6s] 20250803_044252_bc484e9c: provisioning
  [20.7s] 20250803_044252_bc484e9c: provisioning
  [22.8s] 20250803_044252_bc484e9c: provisioning
  [25.0s] 20250803_044252_bc484e9c: completed

[24.8s] Progress: 1 completed, 0 failed, 0 pending

=== Evaluation Summary ===
Duration: 25.5s
Completed: 1
Failed: 0
Incomplete: 0

Available libraries: numpy, requests, torch, json, hashlib, datetime, os, sys
Unavailable libraries: pandas, matplotlib, scipy, sklearn, tensorflow
PASSED
tests/integration/test_celery_connection.py::TestCeleryConnection::test_redis_connection PASSED
tests/integration/test_celery_connection.py::TestCeleryConnection::test_celery_broker_connection
Found 1 active workers
PASSED
tests/integration/test_celery_connection.py::TestCeleryConnection::test_celery_configuration PASSED
tests/integration/test_celery_tasks.py::TestCeleryTasks::test_health_check_task PASSED
INFO:httpx:HTTP Request: POST http://storage-service.dev.svc.cluster.local:8082/evaluations "HTTP/1.1 200 OK"
tests/integration/test_celery_tasks.py::TestCeleryTasks::test_evaluate_code_task PASSED
INFO:httpx:HTTP Request: DELETE http://storage-service.dev.svc.cluster.local:8082/evaluations/test-direct-1754196199 "HTTP/1.1 200 OK"
INFO:httpx:HTTP Request: POST http://storage-service.dev.svc.cluster.local:8082/evaluations "HTTP/1.1 200 OK"
INFO:httpx:HTTP Request: POST http://storage-service.dev.svc.cluster.local:8082/evaluations "HTTP/1.1 200 OK"
INFO:httpx:HTTP Request: POST http://storage-service.dev.svc.cluster.local:8082/evaluations "HTTP/1.1 200 OK"
INFO:httpx:HTTP Request: DELETE http://storage-service.dev.svc.cluster.local:8082/evaluations/test-seq-0-1754196200 "HTTP/1.1 200 OK"
INFO:httpx:HTTP Request: DELETE http://storage-service.dev.svc.cluster.local:8082/evaluations/test-seq-1-1754196200 "HTTP/1.1 200 OK"
INFO:httpx:HTTP Request: DELETE http://storage-service.dev.svc.cluster.local:8082/evaluations/test-seq-2-1754196201 "HTTP/1.1 200 OK"
tests/integration/test_celery_tasks.py::TestCeleryTasks::test_multiple_tasks_sequential PASSED
INFO:httpx:HTTP Request: POST http://storage-service.dev.svc.cluster.local:8082/evaluations "HTTP/1.1 200 OK"
INFO:httpx:HTTP Request: DELETE http://storage-service.dev.svc.cluster.local:8082/evaluations/test-state-1754196203 "HTTP/1.1 200 OK"
tests/integration/test_celery_tasks.py::TestCeleryTasks::test_task_state_tracking PASSED
INFO:integration.conftest:API health check passed
tests/integration/test_docker_event_diagnostics.py::test_diagnose_container_lifecycle_timing
=== Container Lifecycle Timing Results ===

Test: instant_error
  Submission time: 0.221s
  Total time: 7.460s
  Execution time: 7.239s
  Status: failed
  Has logs: True (length: 110)

Test: print_then_error
  Submission time: 0.248s
  Total time: 8.133s
  Execution time: 7.885s
  Status: failed
  Has logs: True (length: 130)

Test: sleep_then_error
  Submission time: 0.168s
  Total time: 6.120s
  Execution time: 5.952s
  Status: failed
  Has logs: True (length: 122)

Test: normal_completion
  Submission time: 0.285s
  Total time: 6.001s
  Execution time: 5.717s
  Status: completed
  Has logs: True (length: 8)
PASSED
INFO:integration.conftest:API health check passed
tests/integration/test_docker_event_diagnostics.py::test_container_removal_timing
=== Container Lifecycle Progression ===
  0.443s: status=running, output=False, error=False, runtime=Nonems
  0.607s: status=provisioning, output=False, error=False, runtime=Nonems
  0.784s: status=provisioning, output=False, error=False, runtime=Nonems
  1.025s: status=provisioning, output=False, error=False, runtime=Nonems
  1.303s: status=provisioning, output=False, error=False, runtime=Nonems
  1.784s: status=provisioning, output=False, error=False, runtime=Nonems
  2.416s: status=provisioning, output=False, error=False, runtime=Nonems
  3.111s: status=provisioning, output=False, error=False, runtime=Nonems
  4.177s: status=provisioning, output=False, error=False, runtime=Nonems
  5.581s: status=provisioning, output=False, error=False, runtime=Nonems
  7.590s: status=provisioning, output=False, error=False, runtime=Nonems
  9.795s: status=failed, output=False, error=True, runtime=7972ms
PASSED
INFO:integration.conftest:API health check passed
tests/integration/test_evaluation_job_imports.py::TestEvaluationJobImports::test_standard_library_imports PASSED
INFO:integration.conftest:API health check passed
tests/integration/test_evaluation_job_imports.py::TestEvaluationJobImports::test_import_error_captured PASSED
INFO:integration.conftest:API health check passed
tests/integration/test_evaluation_job_imports.py::TestEvaluationJobImports::test_ml_libraries_available PASSED
INFO:integration.conftest:API health check passed
tests/integration/test_evaluation_job_imports.py::TestEvaluationJobImports::test_sys_path_and_modules PASSED
INFO:integration.conftest:API health check passed
tests/integration/test_evaluation_job_imports.py::TestEvaluationJobImports::test_import_with_syntax_error PASSED
INFO:integration.conftest:API health check passed
tests/integration/test_evaluation_job_imports.py::TestEvaluationJobImports::test_relative_imports PASSED
INFO:integration.conftest:API health check passed
tests/integration/test_evaluation_job_imports.py::TestEvaluationJobImports::test_multiline_imports PASSED
INFO:integration.conftest:API health check passed

ğŸ§¹ Cleaning up test jobs...
   (Preserving all test jobs for debugging)
   To clean up manually:
   kubectl delete jobs -n dev -l test-run=20250802-214153

ğŸ“¦ Collecting test results...

ğŸ§¹ Cleaning up coordinator job...
   âš ï¸  Tests failed - preserving coordinator job for debugging
   To view logs: kubectl logs job/test-coordinator-20250802-214153 -n dev
   To delete: kubectl delete job test-coordinator-20250802-214153 -n dev
   To see failed test jobs: kubectl get jobs -n dev -l test-run=20250802-214153